Team_Uday/Android/UDAY/app/build/intermediates/manifest_merge_blame_file/debug/processDebugMainManifest/manifest-merger-blame-debug-report.txt
1<?xml version="1.0" encoding="utf-8"?>
2<manifest xmlns:android="http://schemas.android.com/apk/res/android"
3    package="com.example.uday"
4    android:versionCode="1"
5    android:versionName="1.0" >
6
7    <uses-sdk
8        android:minSdkVersion="24"
9        android:targetSdkVersion="34" />
10    <!-- Permissions -->
11    <uses-permission android:name="android.permission.ACCESS_COARSE_LOCATION" />
11-->src\main\AndroidManifest.xml:6:5-81
11-->src\main\AndroidManifest.xml:6:22-78
12    <uses-permission android:name="android.permission.ACCESS_FINE_LOCATION" />
12-->src\main\AndroidManifest.xml:7:5-79
12-->src\main\AndroidManifest.xml:7:22-76
13    <uses-permission android:name="android.permission.INTERNET" />
13-->src\main\AndroidManifest.xml:8:5-67
13-->src\main\AndroidManifest.xml:8:22-64
14    <uses-permission android:name="android.permission.ACCESS_NETWORK_STATE" />
14-->src\main\AndroidManifest.xml:9:5-79
14-->src\main\AndroidManifest.xml:9:22-76
15    <uses-permission android:name="android.permission.RECORD_AUDIO" />
15-->src\main\AndroidManifest.xml:10:5-71
15-->src\main\AndroidManifest.xml:10:22-68
16    <uses-permission android:name="android.permission.MANAGE_EXTERNAL_STORAGE" />
16-->src\main\AndroidManifest.xml:11:5-81
16-->src\main\AndroidManifest.xml:11:22-79
17    <uses-permission android:name="android.permission.CAMERA" />
17-->src\main\AndroidManifest.xml:12:5-65
17-->src\main\AndroidManifest.xml:12:22-62
18    <uses-permission android:name="android.permission.WRITE_EXTERNAL_STORAGE" />
18-->src\main\AndroidManifest.xml:13:5-81
18-->src\main\AndroidManifest.xml:13:22-78
19    <uses-permission android:name="android.permission.READ_EXTERNAL_STORAGE" />
19-->src\main\AndroidManifest.xml:14:5-79
19-->src\main\AndroidManifest.xml:14:22-77
20
21    <uses-feature
21-->src\main\AndroidManifest.xml:15:5-17:35
22        android:name="android.hardware.camera"
22-->src\main\AndroidManifest.xml:16:9-47
23        android:required="true" />
23-->src\main\AndroidManifest.xml:17:9-32
24
25    <queries>
25-->[androidx.camera:camera-extensions:1.3.0] AndroidManifest.xml:22:5-26:15
26        <intent>
26-->[androidx.camera:camera-extensions:1.3.0] AndroidManifest.xml:23:9-25:18
27            <action android:name="androidx.camera.extensions.action.VENDOR_ACTION" />
27-->[androidx.camera:camera-extensions:1.3.0] AndroidManifest.xml:24:13-86
27-->[androidx.camera:camera-extensions:1.3.0] AndroidManifest.xml:24:21-83
28        </intent>
29    </queries>
30
31    <uses-permission android:name="com.google.android.providers.gsf.permission.READ_GSERVICES" />
31-->[com.google.android.recaptcha:recaptcha:18.5.1] AndroidManifest.xml:9:5-98
31-->[com.google.android.recaptcha:recaptcha:18.5.1] AndroidManifest.xml:9:22-95
32
33    <uses-feature
33-->[com.mapbox.maps:android-core:11.8.0] AndroidManifest.xml:8:5-10:35
34        android:glEsVersion="0x00030000"
34-->[com.mapbox.maps:android-core:11.8.0] AndroidManifest.xml:9:9-41
35        android:required="true" />
35-->[com.mapbox.maps:android-core:11.8.0] AndroidManifest.xml:10:9-32
36    <uses-feature
36-->[com.mapbox.maps:android-core:11.8.0] AndroidManifest.xml:11:5-13:36
37        android:name="android.hardware.wifi"
37-->[com.mapbox.maps:android-core:11.8.0] AndroidManifest.xml:12:9-45
38        android:required="false" />
38-->[com.mapbox.maps:android-core:11.8.0] AndroidManifest.xml:13:9-33
39
40    <uses-permission android:name="android.permission.ACCESS_WIFI_STATE" />
40-->[com.mapbox.maps:android-core:11.8.0] AndroidManifest.xml:17:5-76
40-->[com.mapbox.maps:android-core:11.8.0] AndroidManifest.xml:17:22-73
41
42    <permission
42-->[androidx.core:core:1.13.0] AndroidManifest.xml:22:5-24:47
43        android:name="com.example.uday.DYNAMIC_RECEIVER_NOT_EXPORTED_PERMISSION"
43-->[androidx.core:core:1.13.0] AndroidManifest.xml:23:9-81
44        android:protectionLevel="signature" />
44-->[androidx.core:core:1.13.0] AndroidManifest.xml:24:9-44
45
46    <uses-permission android:name="com.example.uday.DYNAMIC_RECEIVER_NOT_EXPORTED_PERMISSION" />
46-->[androidx.core:core:1.13.0] AndroidManifest.xml:26:5-97
46-->[androidx.core:core:1.13.0] AndroidManifest.xml:26:22-94
47
48    <application
48-->src\main\AndroidManifest.xml:19:5-79:19
49        android:allowBackup="true"
49-->src\main\AndroidManifest.xml:20:9-35
50        android:appComponentFactory="androidx.core.app.CoreComponentFactory"
50-->[androidx.core:core:1.13.0] AndroidManifest.xml:28:18-86
51        android:dataExtractionRules="@xml/data_extraction_rules"
51-->src\main\AndroidManifest.xml:21:9-65
52        android:debuggable="true"
53        android:extractNativeLibs="false"
54        android:fullBackupContent="@xml/backup_rules"
54-->src\main\AndroidManifest.xml:22:9-54
55        android:icon="@drawable/app_logo"
55-->src\main\AndroidManifest.xml:23:9-42
56        android:label="@string/app_name"
56-->src\main\AndroidManifest.xml:24:9-41
57        android:networkSecurityConfig="@xml/network_security_config"
57-->src\main\AndroidManifest.xml:25:9-69
58        android:roundIcon="@drawable/app_logo"
58-->src\main\AndroidManifest.xml:26:9-47
59        android:supportsRtl="true"
59-->src\main\AndroidManifest.xml:27:9-35
60        android:testOnly="true"
61        android:theme="@style/Theme.UDAY"
61-->src\main\AndroidManifest.xml:28:9-42
62        android:usesCleartextTraffic="true" >
62-->src\main\AndroidManifest.xml:29:9-44
63        <activity
63-->src\main\AndroidManifest.xml:31:9-33:39
64            android:name="com.example.uday.camera.video_activity"
64-->src\main\AndroidManifest.xml:32:13-50
65            android:exported="true" />
65-->src\main\AndroidManifest.xml:33:13-36
66        <activity
66-->src\main\AndroidManifest.xml:34:9-36:48
67            android:name="com.example.uday.camera.camera_activity"
67-->src\main\AndroidManifest.xml:35:13-51
68            android:exported="true" />
68-->src\main\AndroidManifest.xml:36:13-36
69        <activity
69-->src\main\AndroidManifest.xml:37:9-39:48
70            android:name="com.example.uday.sos.sos_activity"
70-->src\main\AndroidManifest.xml:38:13-45
71            android:exported="true" />
71-->src\main\AndroidManifest.xml:39:13-36
72        <activity
72-->src\main\AndroidManifest.xml:40:9-42:39
73            android:name="com.example.uday.Chat.ChatActivity"
73-->src\main\AndroidManifest.xml:41:13-46
74            android:exported="true" />
74-->src\main\AndroidManifest.xml:42:13-36
75
76        <meta-data
76-->src\main\AndroidManifest.xml:44:9-46:59
77            android:name="com.mapbox.maps.token"
77-->src\main\AndroidManifest.xml:45:13-49
78            android:value="@string/mapbox_access_token" />
78-->src\main\AndroidManifest.xml:46:13-56
79
80        <activity
80-->src\main\AndroidManifest.xml:48:9-51:67
81            android:name="com.example.uday.login.loginpage"
81-->src\main\AndroidManifest.xml:49:13-44
82            android:exported="true"
82-->src\main\AndroidManifest.xml:50:13-36
83            android:windowSoftInputMode="adjustResize" />
83-->src\main\AndroidManifest.xml:51:13-55
84        <activity
84-->src\main\AndroidManifest.xml:52:9-55:58
85            android:name="com.example.uday.login.otp_verification"
85-->src\main\AndroidManifest.xml:53:13-51
86            android:exported="false"
86-->src\main\AndroidManifest.xml:54:13-37
87            android:windowSoftInputMode="adjustResize" />
87-->src\main\AndroidManifest.xml:55:13-55
88        <activity
88-->src\main\AndroidManifest.xml:56:9-59:67
89            android:name="com.example.uday.login.signup"
89-->src\main\AndroidManifest.xml:57:13-41
90            android:exported="true"
90-->src\main\AndroidManifest.xml:58:13-36
91            android:windowSoftInputMode="adjustResize" />
91-->src\main\AndroidManifest.xml:59:13-55
92        <activity
92-->src\main\AndroidManifest.xml:60:9-68:20
93            android:name="com.example.uday.start_pages.Connector_frag"
93-->src\main\AndroidManifest.xml:61:13-55
94            android:exported="true" >
94-->src\main\AndroidManifest.xml:62:13-36
95            <intent-filter>
95-->src\main\AndroidManifest.xml:63:13-67:29
96                <action android:name="android.intent.action.MAIN" />
96-->src\main\AndroidManifest.xml:64:17-69
96-->src\main\AndroidManifest.xml:64:25-66
97
98                <category android:name="android.intent.category.LAUNCHER" />
98-->src\main\AndroidManifest.xml:66:17-77
98-->src\main\AndroidManifest.xml:66:27-74
99            </intent-filter>
100        </activity>
101
102        <provider
103            android:name="androidx.core.content.FileProvider"
103-->src\main\AndroidManifest.xml:71:13-62
104            android:authorities="com.example.uday.provider"
104-->src\main\AndroidManifest.xml:72:13-60
105            android:exported="false"
105-->src\main\AndroidManifest.xml:73:13-37
106            android:grantUriPermissions="true" >
106-->src\main\AndroidManifest.xml:74:13-47
107            <meta-data
107-->src\main\AndroidManifest.xml:75:13-77:54
108                android:name="android.support.FILE_PROVIDER_PATHS"
108-->src\main\AndroidManifest.xml:76:17-67
109                android:resource="@xml/file_paths" />
109-->src\main\AndroidManifest.xml:77:17-51
110        </provider>
111
112        <uses-library
112-->[androidx.camera:camera-extensions:1.3.0] AndroidManifest.xml:29:9-31:40
113            android:name="androidx.camera.extensions.impl"
113-->[androidx.camera:camera-extensions:1.3.0] AndroidManifest.xml:30:13-59
114            android:required="false" />
114-->[androidx.camera:camera-extensions:1.3.0] AndroidManifest.xml:31:13-37
115
116        <service
116-->[androidx.camera:camera-camera2:1.3.0] AndroidManifest.xml:24:9-33:19
117            android:name="androidx.camera.core.impl.MetadataHolderService"
117-->[androidx.camera:camera-camera2:1.3.0] AndroidManifest.xml:25:13-75
118            android:enabled="false"
118-->[androidx.camera:camera-camera2:1.3.0] AndroidManifest.xml:26:13-36
119            android:exported="false" >
119-->[androidx.camera:camera-camera2:1.3.0] AndroidManifest.xml:27:13-37
120            <meta-data
120-->[androidx.camera:camera-camera2:1.3.0] AndroidManifest.xml:30:13-32:89
121                android:name="androidx.camera.core.impl.MetadataHolderService.DEFAULT_CONFIG_PROVIDER"
121-->[androidx.camera:camera-camera2:1.3.0] AndroidManifest.xml:31:17-103
122                android:value="androidx.camera.camera2.Camera2Config$DefaultProvider" />
122-->[androidx.camera:camera-camera2:1.3.0] AndroidManifest.xml:32:17-86
123        </service>
124        <service
124-->[com.google.firebase:firebase-auth-ktx:23.1.0] AndroidManifest.xml:8:9-14:19
125            android:name="com.google.firebase.components.ComponentDiscoveryService"
125-->[com.google.firebase:firebase-auth-ktx:23.1.0] AndroidManifest.xml:9:13-84
126            android:directBootAware="true"
126-->[com.google.firebase:firebase-common:21.0.0] AndroidManifest.xml:32:13-43
127            android:exported="false" >
127-->[com.google.firebase:firebase-auth-ktx:23.1.0] AndroidManifest.xml:10:13-37
128            <meta-data
128-->[com.google.firebase:firebase-auth-ktx:23.1.0] AndroidManifest.xml:11:13-13:85
129                android:name="com.google.firebase.components:com.google.firebase.auth.ktx.FirebaseAuthLegacyRegistrar"
129-->[com.google.firebase:firebase-auth-ktx:23.1.0] AndroidManifest.xml:12:17-119
130                android:value="com.google.firebase.components.ComponentRegistrar" />
130-->[com.google.firebase:firebase-auth-ktx:23.1.0] AndroidManifest.xml:13:17-82
131            <meta-data
131-->[com.google.firebase:firebase-auth:23.1.0] AndroidManifest.xml:69:13-71:85
132                android:name="com.google.firebase.components:com.google.firebase.auth.FirebaseAuthRegistrar"
132-->[com.google.firebase:firebase-auth:23.1.0] AndroidManifest.xml:70:17-109
133                android:value="com.google.firebase.components.ComponentRegistrar" />
133-->[com.google.firebase:firebase-auth:23.1.0] AndroidManifest.xml:71:17-82
134            <meta-data
134-->[com.google.firebase:firebase-storage-ktx:21.0.1] AndroidManifest.xml:12:13-14:85
135                android:name="com.google.firebase.components:com.google.firebase.storage.ktx.FirebaseStorageLegacyRegistrar"
135-->[com.google.firebase:firebase-storage-ktx:21.0.1] AndroidManifest.xml:13:17-125
136                android:value="com.google.firebase.components.ComponentRegistrar" />
136-->[com.google.firebase:firebase-storage-ktx:21.0.1] AndroidManifest.xml:14:17-82
137            <meta-data
137-->[com.google.firebase:firebase-firestore-ktx:25.1.1] AndroidManifest.xml:12:13-14:85
138                android:name="com.google.firebase.components:com.google.firebase.firestore.ktx.FirebaseFirestoreLegacyRegistrar"
138-->[com.google.firebase:firebase-firestore-ktx:25.1.1] AndroidManifest.xml:13:17-129
139                android:value="com.google.firebase.components.ComponentRegistrar" />
139-->[com.google.firebase:firebase-firestore-ktx:25.1.1] AndroidManifest.xml:14:17-82
140            <meta-data
140-->[com.google.firebase:firebase-storage:21.0.1] AndroidManifest.xml:30:13-32:85
141                android:name="com.google.firebase.components:com.google.firebase.storage.FirebaseStorageKtxRegistrar"
141-->[com.google.firebase:firebase-storage:21.0.1] AndroidManifest.xml:31:17-118
142                android:value="com.google.firebase.components.ComponentRegistrar" />
142-->[com.google.firebase:firebase-storage:21.0.1] AndroidManifest.xml:32:17-82
143            <meta-data
143-->[com.google.firebase:firebase-storage:21.0.1] AndroidManifest.xml:33:13-35:85
144                android:name="com.google.firebase.components:com.google.firebase.storage.StorageRegistrar"
144-->[com.google.firebase:firebase-storage:21.0.1] AndroidManifest.xml:34:17-107
145                android:value="com.google.firebase.components.ComponentRegistrar" />
145-->[com.google.firebase:firebase-storage:21.0.1] AndroidManifest.xml:35:17-82
146            <meta-data
146-->[com.google.firebase:firebase-firestore:25.1.1] AndroidManifest.xml:17:13-19:85
147                android:name="com.google.firebase.components:com.google.firebase.firestore.FirebaseFirestoreKtxRegistrar"
147-->[com.google.firebase:firebase-firestore:25.1.1] AndroidManifest.xml:18:17-122
148                android:value="com.google.firebase.components.ComponentRegistrar" />
148-->[com.google.firebase:firebase-firestore:25.1.1] AndroidManifest.xml:19:17-82
149            <meta-data
149-->[com.google.firebase:firebase-firestore:25.1.1] AndroidManifest.xml:20:13-22:85
150                android:name="com.google.firebase.components:com.google.firebase.firestore.FirestoreRegistrar"
150-->[com.google.firebase:firebase-firestore:25.1.1] AndroidManifest.xml:21:17-111
151                android:value="com.google.firebase.components.ComponentRegistrar" />
151-->[com.google.firebase:firebase-firestore:25.1.1] AndroidManifest.xml:22:17-82
152            <meta-data
152-->[com.google.firebase:firebase-appcheck:18.0.0] AndroidManifest.xml:25:13-27:85
153                android:name="com.google.firebase.components:com.google.firebase.appcheck.FirebaseAppCheckKtxRegistrar"
153-->[com.google.firebase:firebase-appcheck:18.0.0] AndroidManifest.xml:26:17-120
154                android:value="com.google.firebase.components.ComponentRegistrar" />
154-->[com.google.firebase:firebase-appcheck:18.0.0] AndroidManifest.xml:27:17-82
155            <meta-data
155-->[com.google.firebase:firebase-appcheck:18.0.0] AndroidManifest.xml:28:13-30:85
156                android:name="com.google.firebase.components:com.google.firebase.appcheck.FirebaseAppCheckRegistrar"
156-->[com.google.firebase:firebase-appcheck:18.0.0] AndroidManifest.xml:29:17-117
157                android:value="com.google.firebase.components.ComponentRegistrar" />
157-->[com.google.firebase:firebase-appcheck:18.0.0] AndroidManifest.xml:30:17-82
158            <meta-data
158-->[com.google.firebase:firebase-common-ktx:21.0.0] AndroidManifest.xml:12:13-14:85
159                android:name="com.google.firebase.components:com.google.firebase.ktx.FirebaseCommonLegacyRegistrar"
159-->[com.google.firebase:firebase-common-ktx:21.0.0] AndroidManifest.xml:13:17-116
160                android:value="com.google.firebase.components.ComponentRegistrar" />
160-->[com.google.firebase:firebase-common-ktx:21.0.0] AndroidManifest.xml:14:17-82
161            <meta-data
161-->[com.google.firebase:firebase-common:21.0.0] AndroidManifest.xml:35:13-37:85
162                android:name="com.google.firebase.components:com.google.firebase.FirebaseCommonKtxRegistrar"
162-->[com.google.firebase:firebase-common:21.0.0] AndroidManifest.xml:36:17-109
163                android:value="com.google.firebase.components.ComponentRegistrar" />
163-->[com.google.firebase:firebase-common:21.0.0] AndroidManifest.xml:37:17-82
164        </service>
165
166        <activity
166-->[com.google.firebase:firebase-auth:23.1.0] AndroidManifest.xml:29:9-46:20
167            android:name="com.google.firebase.auth.internal.GenericIdpActivity"
167-->[com.google.firebase:firebase-auth:23.1.0] AndroidManifest.xml:30:13-80
168            android:excludeFromRecents="true"
168-->[com.google.firebase:firebase-auth:23.1.0] AndroidManifest.xml:31:13-46
169            android:exported="true"
169-->[com.google.firebase:firebase-auth:23.1.0] AndroidManifest.xml:32:13-36
170            android:launchMode="singleTask"
170-->[com.google.firebase:firebase-auth:23.1.0] AndroidManifest.xml:33:13-44
171            android:theme="@android:style/Theme.Translucent.NoTitleBar" >
171-->[com.google.firebase:firebase-auth:23.1.0] AndroidManifest.xml:34:13-72
172            <intent-filter>
172-->[com.google.firebase:firebase-auth:23.1.0] AndroidManifest.xml:35:13-45:29
173                <action android:name="android.intent.action.VIEW" />
173-->[com.google.firebase:firebase-auth:23.1.0] AndroidManifest.xml:36:17-69
173-->[com.google.firebase:firebase-auth:23.1.0] AndroidManifest.xml:36:25-66
174
175                <category android:name="android.intent.category.DEFAULT" />
175-->[com.google.firebase:firebase-auth:23.1.0] AndroidManifest.xml:38:17-76
175-->[com.google.firebase:firebase-auth:23.1.0] AndroidManifest.xml:38:27-73
176                <category android:name="android.intent.category.BROWSABLE" />
176-->[com.google.firebase:firebase-auth:23.1.0] AndroidManifest.xml:39:17-78
176-->[com.google.firebase:firebase-auth:23.1.0] AndroidManifest.xml:39:27-75
177
178                <data
178-->[com.google.firebase:firebase-auth:23.1.0] AndroidManifest.xml:41:17-44:51
179                    android:host="firebase.auth"
179-->[com.google.firebase:firebase-auth:23.1.0] AndroidManifest.xml:42:21-49
180                    android:path="/"
180-->[com.google.firebase:firebase-auth:23.1.0] AndroidManifest.xml:43:21-37
181                    android:scheme="genericidp" />
181-->[com.google.firebase:firebase-auth:23.1.0] AndroidManifest.xml:44:21-48
182            </intent-filter>
183        </activity>
184        <activity
184-->[com.google.firebase:firebase-auth:23.1.0] AndroidManifest.xml:47:9-64:20
185            android:name="com.google.firebase.auth.internal.RecaptchaActivity"
185-->[com.google.firebase:firebase-auth:23.1.0] AndroidManifest.xml:48:13-79
186            android:excludeFromRecents="true"
186-->[com.google.firebase:firebase-auth:23.1.0] AndroidManifest.xml:49:13-46
187            android:exported="true"
187-->[com.google.firebase:firebase-auth:23.1.0] AndroidManifest.xml:50:13-36
188            android:launchMode="singleTask"
188-->[com.google.firebase:firebase-auth:23.1.0] AndroidManifest.xml:51:13-44
189            android:theme="@android:style/Theme.Translucent.NoTitleBar" >
189-->[com.google.firebase:firebase-auth:23.1.0] AndroidManifest.xml:52:13-72
190            <intent-filter>
190-->[com.google.firebase:firebase-auth:23.1.0] AndroidManifest.xml:53:13-63:29
191                <action android:name="android.intent.action.VIEW" />
191-->[com.google.firebase:firebase-auth:23.1.0] AndroidManifest.xml:36:17-69
191-->[com.google.firebase:firebase-auth:23.1.0] AndroidManifest.xml:36:25-66
192
193                <category android:name="android.intent.category.DEFAULT" />
193-->[com.google.firebase:firebase-auth:23.1.0] AndroidManifest.xml:38:17-76
193-->[com.google.firebase:firebase-auth:23.1.0] AndroidManifest.xml:38:27-73
194                <category android:name="android.intent.category.BROWSABLE" />
194-->[com.google.firebase:firebase-auth:23.1.0] AndroidManifest.xml:39:17-78
194-->[com.google.firebase:firebase-auth:23.1.0] AndroidManifest.xml:39:27-75
195
196                <data
196-->[com.google.firebase:firebase-auth:23.1.0] AndroidManifest.xml:41:17-44:51
197                    android:host="firebase.auth"
197-->[com.google.firebase:firebase-auth:23.1.0] AndroidManifest.xml:42:21-49
198                    android:path="/"
198-->[com.google.firebase:firebase-auth:23.1.0] AndroidManifest.xml:43:21-37
199                    android:scheme="recaptcha" />
199-->[com.google.firebase:firebase-auth:23.1.0] AndroidManifest.xml:44:21-48
200            </intent-filter>
201        </activity>
202
203        <provider
203-->[com.google.firebase:firebase-common:21.0.0] AndroidManifest.xml:23:9-28:39
204            android:name="com.google.firebase.provider.FirebaseInitProvider"
204-->[com.google.firebase:firebase-common:21.0.0] AndroidManifest.xml:24:13-77
205            android:authorities="com.example.uday.firebaseinitprovider"
205-->[com.google.firebase:firebase-common:21.0.0] AndroidManifest.xml:25:13-72
206            android:directBootAware="true"
206-->[com.google.firebase:firebase-common:21.0.0] AndroidManifest.xml:26:13-43
207            android:exported="false"
207-->[com.google.firebase:firebase-common:21.0.0] AndroidManifest.xml:27:13-37
208            android:initOrder="100" />
208-->[com.google.firebase:firebase-common:21.0.0] AndroidManifest.xml:28:13-36
209
210        <service
210-->[androidx.credentials:credentials-play-services-auth:1.2.0-rc01] AndroidManifest.xml:24:9-32:19
211            android:name="androidx.credentials.playservices.CredentialProviderMetadataHolder"
211-->[androidx.credentials:credentials-play-services-auth:1.2.0-rc01] AndroidManifest.xml:25:13-94
212            android:enabled="true"
212-->[androidx.credentials:credentials-play-services-auth:1.2.0-rc01] AndroidManifest.xml:26:13-35
213            android:exported="false" >
213-->[androidx.credentials:credentials-play-services-auth:1.2.0-rc01] AndroidManifest.xml:27:13-37
214            <meta-data
214-->[androidx.credentials:credentials-play-services-auth:1.2.0-rc01] AndroidManifest.xml:29:13-31:104
215                android:name="androidx.credentials.CREDENTIAL_PROVIDER_KEY"
215-->[androidx.credentials:credentials-play-services-auth:1.2.0-rc01] AndroidManifest.xml:30:17-76
216                android:value="androidx.credentials.playservices.CredentialProviderPlayServicesImpl" />
216-->[androidx.credentials:credentials-play-services-auth:1.2.0-rc01] AndroidManifest.xml:31:17-101
217        </service>
218
219        <activity
219-->[androidx.credentials:credentials-play-services-auth:1.2.0-rc01] AndroidManifest.xml:34:9-41:20
220            android:name="androidx.credentials.playservices.HiddenActivity"
220-->[androidx.credentials:credentials-play-services-auth:1.2.0-rc01] AndroidManifest.xml:35:13-76
221            android:configChanges="orientation|screenSize|screenLayout|keyboardHidden"
221-->[androidx.credentials:credentials-play-services-auth:1.2.0-rc01] AndroidManifest.xml:36:13-87
222            android:enabled="true"
222-->[androidx.credentials:credentials-play-services-auth:1.2.0-rc01] AndroidManifest.xml:37:13-35
223            android:exported="false"
223-->[androidx.credentials:credentials-play-services-auth:1.2.0-rc01] AndroidManifest.xml:38:13-37
224            android:fitsSystemWindows="true"
224-->[androidx.credentials:credentials-play-services-auth:1.2.0-rc01] AndroidManifest.xml:39:13-45
225            android:theme="@style/Theme.Hidden" >
225-->[androidx.credentials:credentials-play-services-auth:1.2.0-rc01] AndroidManifest.xml:40:13-48
226        </activity>
227        <activity
227-->[com.google.android.gms:play-services-auth:20.7.0] AndroidManifest.xml:23:9-27:75
228            android:name="com.google.android.gms.auth.api.signin.internal.SignInHubActivity"
228-->[com.google.android.gms:play-services-auth:20.7.0] AndroidManifest.xml:24:13-93
229            android:excludeFromRecents="true"
229-->[com.google.android.gms:play-services-auth:20.7.0] AndroidManifest.xml:25:13-46
230            android:exported="false"
230-->[com.google.android.gms:play-services-auth:20.7.0] AndroidManifest.xml:26:13-37
231            android:theme="@android:style/Theme.Translucent.NoTitleBar" />
231-->[com.google.android.gms:play-services-auth:20.7.0] AndroidManifest.xml:27:13-72
232        <!--
233            Service handling Google Sign-In user revocation. For apps that do not integrate with
234            Google Sign-In, this service will never be started.
235        -->
236        <service
236-->[com.google.android.gms:play-services-auth:20.7.0] AndroidManifest.xml:33:9-37:51
237            android:name="com.google.android.gms.auth.api.signin.RevocationBoundService"
237-->[com.google.android.gms:play-services-auth:20.7.0] AndroidManifest.xml:34:13-89
238            android:exported="true"
238-->[com.google.android.gms:play-services-auth:20.7.0] AndroidManifest.xml:35:13-36
239            android:permission="com.google.android.gms.auth.api.signin.permission.REVOCATION_NOTIFICATION"
239-->[com.google.android.gms:play-services-auth:20.7.0] AndroidManifest.xml:36:13-107
240            android:visibleToInstantApps="true" />
240-->[com.google.android.gms:play-services-auth:20.7.0] AndroidManifest.xml:37:13-48
241
242        <profileable android:shell="true" />
242-->[com.mapbox.maps:android-core:11.8.0] AndroidManifest.xml:20:9-45
242-->[com.mapbox.maps:android-core:11.8.0] AndroidManifest.xml:20:22-42
243
244        <provider
244-->[com.mapbox.maps:android-core:11.8.0] AndroidManifest.xml:22:9-30:20
245            android:name="androidx.startup.InitializationProvider"
245-->[com.mapbox.maps:android-core:11.8.0] AndroidManifest.xml:23:13-67
246            android:authorities="com.example.uday.androidx-startup"
246-->[com.mapbox.maps:android-core:11.8.0] AndroidManifest.xml:24:13-68
247            android:exported="false" >
247-->[com.mapbox.maps:android-core:11.8.0] AndroidManifest.xml:25:13-37
248            <meta-data
248-->[com.mapbox.maps:android-core:11.8.0] AndroidManifest.xml:27:13-29:52
249                android:name="com.mapbox.maps.loader.MapboxMapsInitializer"
249-->[com.mapbox.maps:android-core:11.8.0] AndroidManifest.xml:28:17-76
250                android:value="androidx.startup" />
250-->[com.mapbox.maps:android-core:11.8.0] AndroidManifest.xml:29:17-49
251            <!-- This entry makes MapboxSDKCommonInitializer discoverable. -->
252            <meta-data
252-->[com.mapbox.common:common:24.8.0] AndroidManifest.xml:19:13-21:52
253                android:name="com.mapbox.common.MapboxSDKCommonInitializer"
253-->[com.mapbox.common:common:24.8.0] AndroidManifest.xml:20:17-76
254                android:value="androidx.startup" />
254-->[com.mapbox.common:common:24.8.0] AndroidManifest.xml:21:17-49
255            <meta-data
255-->[androidx.emoji2:emoji2:1.3.0] AndroidManifest.xml:29:13-31:52
256                android:name="androidx.emoji2.text.EmojiCompatInitializer"
256-->[androidx.emoji2:emoji2:1.3.0] AndroidManifest.xml:30:17-75
257                android:value="androidx.startup" />
257-->[androidx.emoji2:emoji2:1.3.0] AndroidManifest.xml:31:17-49
258            <meta-data
258-->[androidx.lifecycle:lifecycle-process:2.8.6] AndroidManifest.xml:29:13-31:52
259                android:name="androidx.lifecycle.ProcessLifecycleInitializer"
259-->[androidx.lifecycle:lifecycle-process:2.8.6] AndroidManifest.xml:30:17-78
260                android:value="androidx.startup" />
260-->[androidx.lifecycle:lifecycle-process:2.8.6] AndroidManifest.xml:31:17-49
261            <meta-data
261-->[androidx.profileinstaller:profileinstaller:1.3.1] AndroidManifest.xml:29:13-31:52
262                android:name="androidx.profileinstaller.ProfileInstallerInitializer"
262-->[androidx.profileinstaller:profileinstaller:1.3.1] AndroidManifest.xml:30:17-85
263                android:value="androidx.startup" />
263-->[androidx.profileinstaller:profileinstaller:1.3.1] AndroidManifest.xml:31:17-49
264        </provider>
265
266        <receiver
266-->[com.mapbox.common:common:24.8.0] AndroidManifest.xml:24:9-31:20
267            android:name="com.mapbox.common.location.LocationUpdatesReceiver"
267-->[com.mapbox.common:common:24.8.0] AndroidManifest.xml:25:13-78
268            android:enabled="true"
268-->[com.mapbox.common:common:24.8.0] AndroidManifest.xml:26:13-35
269            android:exported="false" >
269-->[com.mapbox.common:common:24.8.0] AndroidManifest.xml:27:13-37
270            <intent-filter>
270-->[com.mapbox.common:common:24.8.0] AndroidManifest.xml:28:13-30:29
271                <action android:name="com.mapbox.common.location.LocationUpdatesReceiver.ACTION_PROCESS_LOCATION_UPDATES" />
271-->[com.mapbox.common:common:24.8.0] AndroidManifest.xml:29:17-125
271-->[com.mapbox.common:common:24.8.0] AndroidManifest.xml:29:25-122
272            </intent-filter>
273        </receiver>
274
275        <service
275-->[com.mapbox.common:common:24.8.0] AndroidManifest.xml:33:9-35:40
276            android:name="com.mapbox.common.LifecycleService"
276-->[com.mapbox.common:common:24.8.0] AndroidManifest.xml:34:13-62
277            android:exported="false" />
277-->[com.mapbox.common:common:24.8.0] AndroidManifest.xml:35:13-37
278
279        <activity